# configure exec: ./configure 
# On 2020年 7月22日 星期三 14时32分56秒 CST
DBG: ccenv: WITH_CC:  --version failed: mklove/modules/configure.base: line 1114: --version: command not found
DBG: Check ccenv (WITH_CC, action cont (originally cont)) failed: command ' --version' failed:
mklove/modules/configure.base: line 1114: --version: command not found
DBG: cxxenv: WITH_CXX:  --version failed: mklove/modules/configure.base: line 1114: --version: command not found
DBG: Check cxxenv (WITH_CXX, action cont (originally cont)) failed: command ' --version' failed:
mklove/modules/configure.base: line 1114: --version: command not found
DBG: Compile check cc_g_dwarf (): gcc  -I/usr/local/opt/openssl@1.1/include -Wall -Werror -gstrict-dwarf _mkltmpx4t5Rg.c -o _mkltmpx4t5Rg.c.o  -L/usr/local/opt/openssl@1.1/lib
DBG: install: WITH_INSTALL: install --version failed: install: illegal option -- -
usage: install [-bCcpSsv] [-B suffix] [-f flags] [-g group] [-m mode]
               [-o owner] file1 file2
       install [-bCcpSsv] [-B suffix] [-f flags] [-g group] [-m mode]
               [-o owner] file1 ... fileN directory
       install -d [-v] [-g group] [-m mode] [-o owner] directory ...
DBG: Check install (WITH_INSTALL, action cont (originally cont)) failed: command 'install --version' failed:
install: illegal option -- -
usage: install [-bCcpSsv] [-B suffix] [-f flags] [-g group] [-m mode]
               [-o owner] file1 file2
       install [-bCcpSsv] [-B suffix] [-f flags] [-g group] [-m mode]
               [-o owner] file1 ... fileN directory
       install -d [-v] [-g group] [-m mode] [-o owner] directory ...
DBG: Compile check PIC (HAVE_PIC): gcc  -I/usr/local/opt/openssl@1.1/include -gstrict-dwarf -O2 -Wall -Werror -fPIC _mkltmprFd37s.c -o _mkltmprFd37s.c.o  -L/usr/local/opt/openssl@1.1/lib
DBG: Compile check gnulib (WITH_GNULD): gcc  -I/usr/local/opt/openssl@1.1/include -gstrict-dwarf -O2 -fPIC -Wall -Werror -shared -Wl,-soname,mkltest.0 _mkltmpt3OJvB.c -o _mkltmpt3OJvB.c.o  -L/usr/local/opt/openssl@1.1/lib
DBG: compile check for gnulib (WITH_GNULD) failed: gcc  -I/usr/local/opt/openssl@1.1/include -gstrict-dwarf -O2 -fPIC -Wall -Werror -shared -Wl,-soname,mkltest.0 _mkltmpt3OJvB.c -o _mkltmpt3OJvB.c.o  -L/usr/local/opt/openssl@1.1/lib: ld: unknown option: -soname
clang: error: linker command failed with exit code 1 (use -v to see invocation)
DBG: Check gnulib (WITH_GNULD, action cont (originally cont)) failed: compile check failed:
CC: CC
flags: -shared -Wl,-soname,mkltest.0
gcc  -I/usr/local/opt/openssl@1.1/include -gstrict-dwarf -O2 -fPIC -Wall -Werror -shared -Wl,-soname,mkltest.0 _mkltmpt3OJvB.c -o _mkltmpt3OJvB.c.o  -L/usr/local/opt/openssl@1.1/lib:
ld: unknown option: -soname
clang: error: linker command failed with exit code 1 (use -v to see invocation)
source: 
DBG: Compile check osxlib (WITH_OSXLD): gcc  -I/usr/local/opt/openssl@1.1/include -gstrict-dwarf -O2 -fPIC -Wall -Werror -dynamiclib -Wl,-install_name,/tmp/mkltest.so.0 _mkltmpel3J7x.c -o _mkltmpel3J7x.c.o  -L/usr/local/opt/openssl@1.1/lib
DBG: Compile check ldsflagvs (): gcc  -I/usr/local/opt/openssl@1.1/include -gstrict-dwarf -O2 -fPIC -Wall -Werror -shared -Wl,--version-script=_mkltmp1sf8Wk _mkltmpAIA8hD.c -o _mkltmpAIA8hD.c.o  -L/usr/local/opt/openssl@1.1/lib
DBG: compile check for ldsflagvs () failed: gcc  -I/usr/local/opt/openssl@1.1/include -gstrict-dwarf -O2 -fPIC -Wall -Werror -shared -Wl,--version-script=_mkltmp1sf8Wk _mkltmpAIA8hD.c -o _mkltmpAIA8hD.c.o  -L/usr/local/opt/openssl@1.1/lib: ld: unknown option: --version-script=_mkltmp1sf8Wk
clang: error: linker command failed with exit code 1 (use -v to see invocation)
DBG: Check ldsflagvs (, action cont (originally cont)) failed: compile check failed:
CC: CC
flags: -shared -Wl,--version-script=_mkltmp1sf8Wk
gcc  -I/usr/local/opt/openssl@1.1/include -gstrict-dwarf -O2 -fPIC -Wall -Werror -shared -Wl,--version-script=_mkltmp1sf8Wk _mkltmpAIA8hD.c -o _mkltmpAIA8hD.c.o  -L/usr/local/opt/openssl@1.1/lib:
ld: unknown option: --version-script=_mkltmp1sf8Wk
clang: error: linker command failed with exit code 1 (use -v to see invocation)
source: 
DBG: Compile check ldsflagm (): gcc  -I/usr/local/opt/openssl@1.1/include -gstrict-dwarf -O2 -fPIC -Wall -Werror -shared -Wl,-M_mkltmp1sf8Wk _mkltmpWInjT3.c -o _mkltmpWInjT3.c.o  -L/usr/local/opt/openssl@1.1/lib
DBG: compile check for ldsflagm () failed: gcc  -I/usr/local/opt/openssl@1.1/include -gstrict-dwarf -O2 -fPIC -Wall -Werror -shared -Wl,-M_mkltmp1sf8Wk _mkltmpWInjT3.c -o _mkltmpWInjT3.c.o  -L/usr/local/opt/openssl@1.1/lib: ld: unknown option: -M_mkltmp1sf8Wk
clang: error: linker command failed with exit code 1 (use -v to see invocation)
DBG: Check ldsflagm (, action ignore (originally ignore)) failed: compile check failed:
CC: CC
flags: -shared -Wl,-M_mkltmp1sf8Wk
gcc  -I/usr/local/opt/openssl@1.1/include -gstrict-dwarf -O2 -fPIC -Wall -Werror -shared -Wl,-M_mkltmp1sf8Wk _mkltmpWInjT3.c -o _mkltmpWInjT3.c.o  -L/usr/local/opt/openssl@1.1/lib:
ld: unknown option: -M_mkltmp1sf8Wk
clang: error: linker command failed with exit code 1 (use -v to see invocation)
source: 
DBG: Compile check __atomic_32 (HAVE_ATOMICS_32): gcc  -I/usr/local/opt/openssl@1.1/include -gstrict-dwarf -O2 -fPIC -Wall -Werror  _mkltmpjDSGoA.c -o _mkltmpjDSGoA.c.o  -L/usr/local/opt/openssl@1.1/lib
DBG: Compile check __atomic_64 (HAVE_ATOMICS_64): gcc  -I/usr/local/opt/openssl@1.1/include -gstrict-dwarf -O2 -fPIC -Wall -Werror  _mkltmpKedigh.c -o _mkltmpKedigh.c.o  -L/usr/local/opt/openssl@1.1/lib
DBG: Compile check socket (): gcc  -I/usr/local/opt/openssl@1.1/include -gstrict-dwarf -O2 -fPIC -Wall -Wsign-compare -Wfloat-equal -Wpointer-arith -Wcast-align -Wall -Werror  _mkltmpA4U8ar.c -o _mkltmpA4U8ar.c.o  -L/usr/local/opt/openssl@1.1/lib
DBG: pkg-config check libpthread (): pkg-config --short-errors --cflags libpthread
DBG: 'pkg-config --short-errors --cflags libpthread' failed: No package 'libpthread' found
DBG: Check libpthread_PKGCONFIG (, action cont (originally cont)) failed: 'pkg-config --short-errors --cflags libpthread' failed:
No package 'libpthread' found
DBG: Compile check libpthread (): gcc  -I/usr/local/opt/openssl@1.1/include -gstrict-dwarf -O2 -fPIC -Wall -Wsign-compare -Wfloat-equal -Wpointer-arith -Wcast-align -Wall -Werror -lpthread _mkltmpQozt7X.c -o _mkltmpQozt7X.c.o  -L/usr/local/opt/openssl@1.1/lib
DBG: pkg-config check zlib (): pkg-config --short-errors --cflags zlib
DBG: Compile check zlib (WITH_ZLIB): gcc  -I/usr/local/opt/openssl@1.1/include -gstrict-dwarf -O2 -fPIC -Wall -Wsign-compare -Wfloat-equal -Wpointer-arith -Wcast-align -Wall -Werror -lz _mkltmpAa2cAo.c -o _mkltmpAa2cAo.c.o  -L/usr/local/opt/openssl@1.1/lib
DBG: pkg-config check libcrypto (): pkg-config --short-errors --cflags libcrypto
DBG: 'pkg-config --short-errors --cflags libcrypto' failed: No package 'libcrypto' found
DBG: Check libcrypto_PKGCONFIG (, action cont (originally cont)) failed: 'pkg-config --short-errors --cflags libcrypto' failed:
No package 'libcrypto' found
DBG: Compile check libcrypto (): gcc  -I/usr/local/opt/openssl@1.1/include -gstrict-dwarf -O2 -fPIC -Wall -Wsign-compare -Wfloat-equal -Wpointer-arith -Wcast-align -Wall -Werror -lcrypto _mkltmpe4mNqV.c -o _mkltmpe4mNqV.c.o  -L/usr/local/opt/openssl@1.1/lib
DBG: pkg-config check liblz4 (): pkg-config --short-errors --cflags liblz4
DBG: 'pkg-config --short-errors --cflags liblz4' failed: No package 'liblz4' found
DBG: Check liblz4_PKGCONFIG (, action cont (originally cont)) failed: 'pkg-config --short-errors --cflags liblz4' failed:
No package 'liblz4' found
DBG: Compile check liblz4 (WITH_LZ4_EXT): gcc  -I/usr/local/opt/openssl@1.1/include -gstrict-dwarf -O2 -fPIC -Wall -Wsign-compare -Wfloat-equal -Wpointer-arith -Wcast-align -Wall -Werror -llz4 _mkltmpzEMaD5.c -o _mkltmpzEMaD5.c.o  -L/usr/local/opt/openssl@1.1/lib
DBG: compile check for liblz4 (WITH_LZ4_EXT) failed: gcc  -I/usr/local/opt/openssl@1.1/include -gstrict-dwarf -O2 -fPIC -Wall -Wsign-compare -Wfloat-equal -Wpointer-arith -Wcast-align -Wall -Werror -llz4 _mkltmpzEMaD5.c -o _mkltmpzEMaD5.c.o  -L/usr/local/opt/openssl@1.1/lib: _mkltmpzEMaD5.c:1:10: fatal error: 'lz4frame.h' file not found
#include <lz4frame.h>
         ^~~~~~~~~~~~
1 error generated.
DBG: Check liblz4 (WITH_LZ4_EXT, action disable (originally disable)) failed: compile check failed:
CC: CC
flags: -llz4
gcc  -I/usr/local/opt/openssl@1.1/include -gstrict-dwarf -O2 -fPIC -Wall -Wsign-compare -Wfloat-equal -Wpointer-arith -Wcast-align -Wall -Werror -llz4 _mkltmpzEMaD5.c -o _mkltmpzEMaD5.c.o  -L/usr/local/opt/openssl@1.1/lib:
_mkltmpzEMaD5.c:1:10: fatal error: 'lz4frame.h' file not found
#include <lz4frame.h>
         ^~~~~~~~~~~~
1 error generated.
source: #include <lz4frame.h>
DBG: pkg-config check libssl (): pkg-config --short-errors --cflags libssl
DBG: Compile check libssl (WITH_SSL): gcc -I/usr/local/Cellar/openssl@1.1/1.1.1g/include -I/usr/local/opt/openssl@1.1/include -gstrict-dwarf -O2 -fPIC -Wall -Wsign-compare -Wfloat-equal -Wpointer-arith -Wcast-align -Wall -Werror -lssl _mkltmpWUqEq7.c -o _mkltmpWUqEq7.c.o  -L/usr/local/opt/openssl@1.1/lib
DBG: pkg-config check libsasl2 (): pkg-config --short-errors --cflags libsasl2
DBG: 'pkg-config --short-errors --cflags libsasl2' failed: No package 'libsasl2' found
DBG: Check libsasl2_PKGCONFIG (, action cont (originally cont)) failed: 'pkg-config --short-errors --cflags libsasl2' failed:
No package 'libsasl2' found
DBG: Compile check libsasl2 (WITH_SASL): gcc -I/usr/local/Cellar/openssl@1.1/1.1.1g/include -I/usr/local/opt/openssl@1.1/include -gstrict-dwarf -O2 -fPIC -Wall -Wsign-compare -Wfloat-equal -Wpointer-arith -Wcast-align -Wall -Werror -lsasl2 _mkltmpezZsFh.c -o _mkltmpezZsFh.c.o  -L/usr/local/opt/openssl@1.1/lib
DBG: Compile check regex (HAVE_REGEX): gcc -I/usr/local/Cellar/openssl@1.1/1.1.1g/include -I/usr/local/opt/openssl@1.1/include -gstrict-dwarf -O2 -fPIC -Wall -Wsign-compare -Wfloat-equal -Wpointer-arith -Wcast-align -Wall -Werror  _mkltmpTxsg0G.c -o _mkltmpTxsg0G.c.o  -L/usr/local/opt/openssl@1.1/lib
DBG: pkg-config check librt (): pkg-config --short-errors --cflags librt
DBG: 'pkg-config --short-errors --cflags librt' failed: No package 'librt' found
DBG: Check librt_PKGCONFIG (, action cont (originally cont)) failed: 'pkg-config --short-errors --cflags librt' failed:
No package 'librt' found
DBG: Compile check librt (): gcc -I/usr/local/Cellar/openssl@1.1/1.1.1g/include -I/usr/local/opt/openssl@1.1/include -gstrict-dwarf -O2 -fPIC -Wall -Wsign-compare -Wfloat-equal -Wpointer-arith -Wcast-align -Wall -Werror -lrt _mkltmpGe44YF.c -o _mkltmpGe44YF.c.o  -L/usr/local/opt/openssl@1.1/lib
DBG: compile check for librt () failed: gcc -I/usr/local/Cellar/openssl@1.1/1.1.1g/include -I/usr/local/opt/openssl@1.1/include -gstrict-dwarf -O2 -fPIC -Wall -Wsign-compare -Wfloat-equal -Wpointer-arith -Wcast-align -Wall -Werror -lrt _mkltmpGe44YF.c -o _mkltmpGe44YF.c.o  -L/usr/local/opt/openssl@1.1/lib: ld: library not found for -lrt
clang: error: linker command failed with exit code 1 (use -v to see invocation)
DBG: Check librt (, action cont (originally cont)) failed: compile check failed:
CC: CC
flags: -lrt
gcc -I/usr/local/Cellar/openssl@1.1/1.1.1g/include -I/usr/local/opt/openssl@1.1/include -gstrict-dwarf -O2 -fPIC -Wall -Wsign-compare -Wfloat-equal -Wpointer-arith -Wcast-align -Wall -Werror -lrt _mkltmpGe44YF.c -o _mkltmpGe44YF.c.o  -L/usr/local/opt/openssl@1.1/lib:
ld: library not found for -lrt
clang: error: linker command failed with exit code 1 (use -v to see invocation)
source: 
DBG: Compile check strndup (HAVE_STRNDUP): gcc -I/usr/local/Cellar/openssl@1.1/1.1.1g/include -I/usr/local/opt/openssl@1.1/include -gstrict-dwarf -O2 -fPIC -Wall -Wsign-compare -Wfloat-equal -Wpointer-arith -Wcast-align -Wall -Werror  _mkltmpFqVCeN.c -o _mkltmpFqVCeN.c.o  -L/usr/local/opt/openssl@1.1/lib
