# configure exec: ./configure 
# On 2020年 7月27日 星期一 10时37分19秒 CST
DBG: ccenv: WITH_CC:  --version failed: mklove/modules/configure.base: line 1114: --version: command not found
DBG: Check ccenv (WITH_CC, action cont (originally cont)) failed: command ' --version' failed:
mklove/modules/configure.base: line 1114: --version: command not found
DBG: cxxenv: WITH_CXX:  --version failed: mklove/modules/configure.base: line 1114: --version: command not found
DBG: Check cxxenv (WITH_CXX, action cont (originally cont)) failed: command ' --version' failed:
mklove/modules/configure.base: line 1114: --version: command not found
DBG: Compile check cc_g_dwarf (): gcc  -I/usr/local/opt/openssl@1.1/include -Wall -Werror -gstrict-dwarf _mkltmpcno15V.c -o _mkltmpcno15V.c.o  -L/usr/local/opt/openssl@1.1/lib
DBG: install: WITH_INSTALL: install --version failed: install: illegal option -- -
usage: install [-bCcpSsv] [-B suffix] [-f flags] [-g group] [-m mode]
               [-o owner] file1 file2
       install [-bCcpSsv] [-B suffix] [-f flags] [-g group] [-m mode]
               [-o owner] file1 ... fileN directory
       install -d [-v] [-g group] [-m mode] [-o owner] directory ...
DBG: Check install (WITH_INSTALL, action cont (originally cont)) failed: command 'install --version' failed:
install: illegal option -- -
usage: install [-bCcpSsv] [-B suffix] [-f flags] [-g group] [-m mode]
               [-o owner] file1 file2
       install [-bCcpSsv] [-B suffix] [-f flags] [-g group] [-m mode]
               [-o owner] file1 ... fileN directory
       install -d [-v] [-g group] [-m mode] [-o owner] directory ...
DBG: Compile check PIC (HAVE_PIC): gcc  -I/usr/local/opt/openssl@1.1/include -gstrict-dwarf -O2 -Wall -Werror -fPIC _mkltmpoAlTei.c -o _mkltmpoAlTei.c.o  -L/usr/local/opt/openssl@1.1/lib
DBG: Compile check gnulib (WITH_GNULD): gcc  -I/usr/local/opt/openssl@1.1/include -gstrict-dwarf -O2 -fPIC -Wall -Werror -shared -Wl,-soname,mkltest.0 _mkltmp7ESSap.c -o _mkltmp7ESSap.c.o  -L/usr/local/opt/openssl@1.1/lib
DBG: compile check for gnulib (WITH_GNULD) failed: gcc  -I/usr/local/opt/openssl@1.1/include -gstrict-dwarf -O2 -fPIC -Wall -Werror -shared -Wl,-soname,mkltest.0 _mkltmp7ESSap.c -o _mkltmp7ESSap.c.o  -L/usr/local/opt/openssl@1.1/lib: ld: unknown option: -soname
clang: error: linker command failed with exit code 1 (use -v to see invocation)
DBG: Check gnulib (WITH_GNULD, action cont (originally cont)) failed: compile check failed:
CC: CC
flags: -shared -Wl,-soname,mkltest.0
gcc  -I/usr/local/opt/openssl@1.1/include -gstrict-dwarf -O2 -fPIC -Wall -Werror -shared -Wl,-soname,mkltest.0 _mkltmp7ESSap.c -o _mkltmp7ESSap.c.o  -L/usr/local/opt/openssl@1.1/lib:
ld: unknown option: -soname
clang: error: linker command failed with exit code 1 (use -v to see invocation)
source: 
DBG: Compile check osxlib (WITH_OSXLD): gcc  -I/usr/local/opt/openssl@1.1/include -gstrict-dwarf -O2 -fPIC -Wall -Werror -dynamiclib -Wl,-install_name,/tmp/mkltest.so.0 _mkltmpAsgjvW.c -o _mkltmpAsgjvW.c.o  -L/usr/local/opt/openssl@1.1/lib
DBG: Compile check ldsflagvs (): gcc  -I/usr/local/opt/openssl@1.1/include -gstrict-dwarf -O2 -fPIC -Wall -Werror -shared -Wl,--version-script=_mkltmpXeh9yn _mkltmpa4McUg.c -o _mkltmpa4McUg.c.o  -L/usr/local/opt/openssl@1.1/lib
DBG: compile check for ldsflagvs () failed: gcc  -I/usr/local/opt/openssl@1.1/include -gstrict-dwarf -O2 -fPIC -Wall -Werror -shared -Wl,--version-script=_mkltmpXeh9yn _mkltmpa4McUg.c -o _mkltmpa4McUg.c.o  -L/usr/local/opt/openssl@1.1/lib: ld: unknown option: --version-script=_mkltmpXeh9yn
clang: error: linker command failed with exit code 1 (use -v to see invocation)
DBG: Check ldsflagvs (, action cont (originally cont)) failed: compile check failed:
CC: CC
flags: -shared -Wl,--version-script=_mkltmpXeh9yn
gcc  -I/usr/local/opt/openssl@1.1/include -gstrict-dwarf -O2 -fPIC -Wall -Werror -shared -Wl,--version-script=_mkltmpXeh9yn _mkltmpa4McUg.c -o _mkltmpa4McUg.c.o  -L/usr/local/opt/openssl@1.1/lib:
ld: unknown option: --version-script=_mkltmpXeh9yn
clang: error: linker command failed with exit code 1 (use -v to see invocation)
source: 
DBG: Compile check ldsflagm (): gcc  -I/usr/local/opt/openssl@1.1/include -gstrict-dwarf -O2 -fPIC -Wall -Werror -shared -Wl,-M_mkltmpXeh9yn _mkltmp8M9VCH.c -o _mkltmp8M9VCH.c.o  -L/usr/local/opt/openssl@1.1/lib
DBG: compile check for ldsflagm () failed: gcc  -I/usr/local/opt/openssl@1.1/include -gstrict-dwarf -O2 -fPIC -Wall -Werror -shared -Wl,-M_mkltmpXeh9yn _mkltmp8M9VCH.c -o _mkltmp8M9VCH.c.o  -L/usr/local/opt/openssl@1.1/lib: ld: unknown option: -M_mkltmpXeh9yn
clang: error: linker command failed with exit code 1 (use -v to see invocation)
DBG: Check ldsflagm (, action ignore (originally ignore)) failed: compile check failed:
CC: CC
flags: -shared -Wl,-M_mkltmpXeh9yn
gcc  -I/usr/local/opt/openssl@1.1/include -gstrict-dwarf -O2 -fPIC -Wall -Werror -shared -Wl,-M_mkltmpXeh9yn _mkltmp8M9VCH.c -o _mkltmp8M9VCH.c.o  -L/usr/local/opt/openssl@1.1/lib:
ld: unknown option: -M_mkltmpXeh9yn
clang: error: linker command failed with exit code 1 (use -v to see invocation)
source: 
DBG: Compile check __atomic_32 (HAVE_ATOMICS_32): gcc  -I/usr/local/opt/openssl@1.1/include -gstrict-dwarf -O2 -fPIC -Wall -Werror  _mkltmpSFpRxm.c -o _mkltmpSFpRxm.c.o  -L/usr/local/opt/openssl@1.1/lib
DBG: Compile check __atomic_64 (HAVE_ATOMICS_64): gcc  -I/usr/local/opt/openssl@1.1/include -gstrict-dwarf -O2 -fPIC -Wall -Werror  _mkltmpcXkn7i.c -o _mkltmpcXkn7i.c.o  -L/usr/local/opt/openssl@1.1/lib
DBG: Compile check socket (): gcc  -I/usr/local/opt/openssl@1.1/include -gstrict-dwarf -O2 -fPIC -Wall -Wsign-compare -Wfloat-equal -Wpointer-arith -Wcast-align -Wall -Werror  _mkltmp3xOIyD.c -o _mkltmp3xOIyD.c.o  -L/usr/local/opt/openssl@1.1/lib
DBG: pkg-config check libpthread (): pkg-config --short-errors --cflags libpthread
DBG: 'pkg-config --short-errors --cflags libpthread' failed: No package 'libpthread' found
DBG: Check libpthread_PKGCONFIG (, action cont (originally cont)) failed: 'pkg-config --short-errors --cflags libpthread' failed:
No package 'libpthread' found
DBG: Compile check libpthread (): gcc  -I/usr/local/opt/openssl@1.1/include -gstrict-dwarf -O2 -fPIC -Wall -Wsign-compare -Wfloat-equal -Wpointer-arith -Wcast-align -Wall -Werror -lpthread _mkltmpXr9P9s.c -o _mkltmpXr9P9s.c.o  -L/usr/local/opt/openssl@1.1/lib
DBG: pkg-config check zlib (): pkg-config --short-errors --cflags zlib
DBG: Compile check zlib (WITH_ZLIB): gcc  -I/usr/local/opt/openssl@1.1/include -gstrict-dwarf -O2 -fPIC -Wall -Wsign-compare -Wfloat-equal -Wpointer-arith -Wcast-align -Wall -Werror -lz _mkltmpeP1g3e.c -o _mkltmpeP1g3e.c.o  -L/usr/local/opt/openssl@1.1/lib
DBG: pkg-config check libcrypto (): pkg-config --short-errors --cflags libcrypto
DBG: 'pkg-config --short-errors --cflags libcrypto' failed: No package 'libcrypto' found
DBG: Check libcrypto_PKGCONFIG (, action cont (originally cont)) failed: 'pkg-config --short-errors --cflags libcrypto' failed:
No package 'libcrypto' found
DBG: Compile check libcrypto (): gcc  -I/usr/local/opt/openssl@1.1/include -gstrict-dwarf -O2 -fPIC -Wall -Wsign-compare -Wfloat-equal -Wpointer-arith -Wcast-align -Wall -Werror -lcrypto _mkltmpCS5M9K.c -o _mkltmpCS5M9K.c.o  -L/usr/local/opt/openssl@1.1/lib
DBG: pkg-config check liblz4 (): pkg-config --short-errors --cflags liblz4
DBG: 'pkg-config --short-errors --cflags liblz4' failed: No package 'liblz4' found
DBG: Check liblz4_PKGCONFIG (, action cont (originally cont)) failed: 'pkg-config --short-errors --cflags liblz4' failed:
No package 'liblz4' found
DBG: Compile check liblz4 (WITH_LZ4_EXT): gcc  -I/usr/local/opt/openssl@1.1/include -gstrict-dwarf -O2 -fPIC -Wall -Wsign-compare -Wfloat-equal -Wpointer-arith -Wcast-align -Wall -Werror -llz4 _mkltmpyhdEEJ.c -o _mkltmpyhdEEJ.c.o  -L/usr/local/opt/openssl@1.1/lib
DBG: compile check for liblz4 (WITH_LZ4_EXT) failed: gcc  -I/usr/local/opt/openssl@1.1/include -gstrict-dwarf -O2 -fPIC -Wall -Wsign-compare -Wfloat-equal -Wpointer-arith -Wcast-align -Wall -Werror -llz4 _mkltmpyhdEEJ.c -o _mkltmpyhdEEJ.c.o  -L/usr/local/opt/openssl@1.1/lib: _mkltmpyhdEEJ.c:1:10: fatal error: 'lz4frame.h' file not found
#include <lz4frame.h>
         ^~~~~~~~~~~~
1 error generated.
DBG: Check liblz4 (WITH_LZ4_EXT, action disable (originally disable)) failed: compile check failed:
CC: CC
flags: -llz4
gcc  -I/usr/local/opt/openssl@1.1/include -gstrict-dwarf -O2 -fPIC -Wall -Wsign-compare -Wfloat-equal -Wpointer-arith -Wcast-align -Wall -Werror -llz4 _mkltmpyhdEEJ.c -o _mkltmpyhdEEJ.c.o  -L/usr/local/opt/openssl@1.1/lib:
_mkltmpyhdEEJ.c:1:10: fatal error: 'lz4frame.h' file not found
#include <lz4frame.h>
         ^~~~~~~~~~~~
1 error generated.
source: #include <lz4frame.h>
DBG: pkg-config check libssl (): pkg-config --short-errors --cflags libssl
DBG: Compile check libssl (WITH_SSL): gcc -I/usr/local/Cellar/openssl@1.1/1.1.1g/include -I/usr/local/opt/openssl@1.1/include -gstrict-dwarf -O2 -fPIC -Wall -Wsign-compare -Wfloat-equal -Wpointer-arith -Wcast-align -Wall -Werror -lssl _mkltmpBxnPEc.c -o _mkltmpBxnPEc.c.o  -L/usr/local/opt/openssl@1.1/lib
DBG: pkg-config check libsasl2 (): pkg-config --short-errors --cflags libsasl2
DBG: 'pkg-config --short-errors --cflags libsasl2' failed: No package 'libsasl2' found
DBG: Check libsasl2_PKGCONFIG (, action cont (originally cont)) failed: 'pkg-config --short-errors --cflags libsasl2' failed:
No package 'libsasl2' found
DBG: Compile check libsasl2 (WITH_SASL): gcc -I/usr/local/Cellar/openssl@1.1/1.1.1g/include -I/usr/local/opt/openssl@1.1/include -gstrict-dwarf -O2 -fPIC -Wall -Wsign-compare -Wfloat-equal -Wpointer-arith -Wcast-align -Wall -Werror -lsasl2 _mkltmpa1QoOG.c -o _mkltmpa1QoOG.c.o  -L/usr/local/opt/openssl@1.1/lib
DBG: Compile check regex (HAVE_REGEX): gcc -I/usr/local/Cellar/openssl@1.1/1.1.1g/include -I/usr/local/opt/openssl@1.1/include -gstrict-dwarf -O2 -fPIC -Wall -Wsign-compare -Wfloat-equal -Wpointer-arith -Wcast-align -Wall -Werror  _mkltmpq8KNxu.c -o _mkltmpq8KNxu.c.o  -L/usr/local/opt/openssl@1.1/lib
DBG: pkg-config check librt (): pkg-config --short-errors --cflags librt
DBG: 'pkg-config --short-errors --cflags librt' failed: No package 'librt' found
DBG: Check librt_PKGCONFIG (, action cont (originally cont)) failed: 'pkg-config --short-errors --cflags librt' failed:
No package 'librt' found
DBG: Compile check librt (): gcc -I/usr/local/Cellar/openssl@1.1/1.1.1g/include -I/usr/local/opt/openssl@1.1/include -gstrict-dwarf -O2 -fPIC -Wall -Wsign-compare -Wfloat-equal -Wpointer-arith -Wcast-align -Wall -Werror -lrt _mkltmp5kloCQ.c -o _mkltmp5kloCQ.c.o  -L/usr/local/opt/openssl@1.1/lib
DBG: compile check for librt () failed: gcc -I/usr/local/Cellar/openssl@1.1/1.1.1g/include -I/usr/local/opt/openssl@1.1/include -gstrict-dwarf -O2 -fPIC -Wall -Wsign-compare -Wfloat-equal -Wpointer-arith -Wcast-align -Wall -Werror -lrt _mkltmp5kloCQ.c -o _mkltmp5kloCQ.c.o  -L/usr/local/opt/openssl@1.1/lib: ld: library not found for -lrt
clang: error: linker command failed with exit code 1 (use -v to see invocation)
DBG: Check librt (, action cont (originally cont)) failed: compile check failed:
CC: CC
flags: -lrt
gcc -I/usr/local/Cellar/openssl@1.1/1.1.1g/include -I/usr/local/opt/openssl@1.1/include -gstrict-dwarf -O2 -fPIC -Wall -Wsign-compare -Wfloat-equal -Wpointer-arith -Wcast-align -Wall -Werror -lrt _mkltmp5kloCQ.c -o _mkltmp5kloCQ.c.o  -L/usr/local/opt/openssl@1.1/lib:
ld: library not found for -lrt
clang: error: linker command failed with exit code 1 (use -v to see invocation)
source: 
DBG: Compile check strndup (HAVE_STRNDUP): gcc -I/usr/local/Cellar/openssl@1.1/1.1.1g/include -I/usr/local/opt/openssl@1.1/include -gstrict-dwarf -O2 -fPIC -Wall -Wsign-compare -Wfloat-equal -Wpointer-arith -Wcast-align -Wall -Werror  _mkltmp1UMvTh.c -o _mkltmp1UMvTh.c.o  -L/usr/local/opt/openssl@1.1/lib
